<?xml version="1.0" encoding="UTF-8"?>
<testng-results skipped="0" failed="0" ignored="0" total="1" passed="1">
  <reporter-output>
  </reporter-output>
  <suite name="Default suite" duration-ms="28169" started-at="2020-04-20T14:59:31 BRT" finished-at="2020-04-20T14:59:59 BRT">
    <groups>
      <group name="cucumber">
        <method signature="AbstractTestNGCucumberTests.runScenario(io.cucumber.testng.PickleWrapper, io.cucumber.testng.FeatureWrapper)[pri:0, instance:runnerFiles.RunTestNGTest@4b553d26]" name="runScenario" class="io.cucumber.testng.AbstractTestNGCucumberTests"/>
      </group> <!-- cucumber -->
    </groups>
    <test name="Default test" duration-ms="28169" started-at="2020-04-20T14:59:31 BRT" finished-at="2020-04-20T14:59:59 BRT">
      <class name="runnerFiles.RunTestNGTest">
        <test-method status="PASS" signature="setUpClass()[pri:0, instance:runnerFiles.RunTestNGTest@4b553d26]" name="setUpClass" is-config="true" duration-ms="268" started-at="2020-04-20T14:59:31 BRT" finished-at="2020-04-20T14:59:31 BRT">
          <reporter-output>
          </reporter-output>
        </test-method> <!-- setUpClass -->
        <test-method status="PASS" signature="runScenario(io.cucumber.testng.PickleWrapper, io.cucumber.testng.FeatureWrapper)[pri:0, instance:runnerFiles.RunTestNGTest@4b553d26]" name="runScenario" duration-ms="27685" started-at="2020-04-20T14:59:31 BRT" description="Runs Cucumber Scenarios" data-provider="scenarios" finished-at="2020-04-20T14:59:59 BRT">
          <params>
            <param index="0">
              <value>
                <![CDATA["fazer soma"]]>
              </value>
            </param>
            <param index="1">
              <value>
                <![CDATA["abre a calculadora do celular e faz operações matematicas"]]>
              </value>
            </param>
          </params>
          <reporter-output>
          </reporter-output>
        </test-method> <!-- runScenario -->
        <test-method status="PASS" signature="tearDownClass()[pri:0, instance:runnerFiles.RunTestNGTest@4b553d26]" name="tearDownClass" is-config="true" duration-ms="176" started-at="2020-04-20T14:59:59 BRT" finished-at="2020-04-20T14:59:59 BRT">
          <reporter-output>
          </reporter-output>
        </test-method> <!-- tearDownClass -->
      </class> <!-- runnerFiles.RunTestNGTest -->
    </test> <!-- Default test -->
  </suite> <!-- Default suite -->
</testng-results>
